[2024-09-24 18:17:17,135] INFO inventory User testuser registered successfully.
[2024-09-24 18:17:24,628] INFO inventory User testuser logged in successfully.
[2024-09-24 18:17:58,930] INFO inventory Item 'Item Name' created successfully.
[2024-09-24 18:18:12,585] ERROR inventory Item creation failed: Item 'Item Name' already exists.
[2024-09-24 18:19:03,761] INFO inventory Cache miss for item ID 1. Fetching from DB.
[2024-09-24 18:19:41,023] ERROR inventory Item creation failed: Item 'Test Item' already exists.
[2024-09-24 18:19:41,408] INFO inventory Item 'New Item' created successfully.
[2024-09-24 18:19:41,787] INFO inventory Item ID 4 deleted successfully.
[2024-09-24 18:19:42,492] INFO inventory User testuser logged in successfully.
[2024-09-24 18:19:42,856] INFO inventory Cache miss for item ID 6. Fetching from DB.
[2024-09-24 18:19:43,556] INFO inventory User newuser registered successfully.
[2024-09-24 18:19:43,926] INFO inventory Item ID 8 updated successfully.
[2024-09-24 18:27:32,894] INFO inventory User prasanth logged in successfully.
[2024-09-24 18:27:50,998] ERROR inventory Item creation failed: Item 'Item Name' already exists.
[2024-09-24 18:28:03,334] ERROR inventory Item creation failed: Item 'Item Name' already exists.
[2024-09-24 18:28:23,873] INFO inventory Cache miss for item ID 1. Fetching from DB.
[2024-09-24 18:30:41,563] INFO inventory Item ID 1 deleted successfully.
[2024-09-24 18:30:50,884] INFO inventory Item 'Wireless Mouse' created successfully.
[2024-09-24 18:30:56,278] INFO inventory Item 'Office Chair' created successfully.
[2024-09-24 18:31:03,405] INFO inventory Item 'Cotton T-Shirt' created successfully.
[2024-09-24 18:31:09,958] ERROR inventory Item creation failed: {'category': [ErrorDetail(string='"accessories" is not a valid choice.', code='invalid_choice')]}
[2024-09-24 18:31:28,227] ERROR inventory Item creation failed: {'category': [ErrorDetail(string='"accessories" is not a valid choice.', code='invalid_choice')]}
[2024-09-24 18:31:52,168] INFO inventory Item 'Stainless Steel Water Bottle' created successfully.
[2024-09-24 18:32:01,256] INFO inventory Item 'Bluetooth Speaker' created successfully.
[2024-09-25 09:11:03,349] ERROR inventory Item creation failed: Item 'Test Item' already exists.
[2024-09-25 09:11:03,819] INFO inventory Item 'New Item' created successfully.
[2024-09-25 09:11:04,368] INFO inventory Item ID 4 deleted successfully.
[2024-09-25 09:11:05,231] INFO inventory User testuser logged in successfully.
[2024-09-25 09:11:05,771] INFO inventory Cache miss for item ID 6. Fetching from DB.
[2024-09-25 09:11:06,659] INFO inventory User newuser registered successfully.
[2024-09-25 09:11:07,117] INFO inventory Item ID 8 updated successfully.
[2024-09-25 09:11:24,493] ERROR inventory Item creation failed: Item 'Test Item' already exists.
[2024-09-25 09:11:24,939] INFO inventory Item 'New Item' created successfully.
[2024-09-25 09:11:25,399] INFO inventory Item ID 4 deleted successfully.
[2024-09-25 09:11:26,238] INFO inventory User testuser logged in successfully.
[2024-09-25 09:11:26,663] INFO inventory Cache hit for item ID 6.
[2024-09-25 09:11:27,506] INFO inventory User newuser registered successfully.
[2024-09-25 09:11:27,982] INFO inventory Item ID 8 updated successfully.
[25/Sep/2024 09:54:58] INFO [inventory:46] User prasanth logged in successfully.
[25/Sep/2024 09:54:58] INFO [inventory:35] User: Anonymous | Method: POST | Path: /api/login/ | Status: 200 | Duration: 520.35ms
[25/Sep/2024 09:55:22] INFO [inventory:84] Cache miss for item ID 1. Fetching from DB.
[25/Sep/2024 09:55:22] INFO [inventory:35] User: prasanth | Method: GET | Path: /api/items/1/ | Status: 404 | Duration: 173.69ms
[25/Sep/2024 09:55:35] INFO [inventory:84] Cache miss for item ID 2. Fetching from DB.
[25/Sep/2024 09:55:35] INFO [inventory:35] User: prasanth | Method: GET | Path: /api/items/2/ | Status: 200 | Duration: 135.42ms
[25/Sep/2024 09:56:32] INFO [inventory:81] Cache hit for item ID 2.
[25/Sep/2024 09:56:32] INFO [inventory:35] User: prasanth | Method: GET | Path: /api/items/2/ | Status: 200 | Duration: 151.51ms
[25/Sep/2024 09:57:01] INFO [inventory:84] Cache miss for item ID 1. Fetching from DB.
[25/Sep/2024 09:57:01] INFO [inventory:35] User: prasanth | Method: GET | Path: /api/items/1/ | Status: 404 | Duration: 54.55ms
[25/Sep/2024 09:59:45] INFO [inventory:84] Cache miss for item ID 1. Fetching from DB.
[25/Sep/2024 09:59:45] INFO [inventory:35] User: prasanth | Method: GET | Path: /api/items/1/ | Status: 404 | Duration: 119.66ms
[25/Sep/2024 10:00:58] ERROR [inventory:62] Item creation failed: Item 'Bluetooth Speaker' already exists.
[25/Sep/2024 10:00:58] INFO [inventory:35] User: prasanth | Method: POST | Path: /api/items/ | Status: 400 | Duration: 72.4ms
[25/Sep/2024 10:06:20] INFO [inventory:89] Cache miss for item ID 4. Fetching from DB.
[25/Sep/2024 10:06:20] INFO [inventory:35] User: prasanth | Method: GET | Path: /api/items/4/ | Status: 200 | Duration: 142.14ms
[25/Sep/2024 10:06:31] INFO [inventory:89] Cache miss for item ID 1. Fetching from DB.
[25/Sep/2024 10:06:31] INFO [inventory:35] User: prasanth | Method: GET | Path: /api/items/1/ | Status: 404 | Duration: 78.45ms
[25/Sep/2024 10:06:38] INFO [inventory:89] Cache miss for item ID 2. Fetching from DB.
[25/Sep/2024 10:06:38] INFO [inventory:35] User: prasanth | Method: GET | Path: /api/items/2/ | Status: 200 | Duration: 124.34ms
[25/Sep/2024 10:06:46] INFO [inventory:86] Cache hit for item ID 4.
[25/Sep/2024 10:06:46] INFO [inventory:35] User: prasanth | Method: GET | Path: /api/items/4/ | Status: 200 | Duration: 58.52ms
[25/Sep/2024 10:07:11] INFO [inventory:86] Cache hit for item ID 2.
[25/Sep/2024 10:07:11] INFO [inventory:35] User: prasanth | Method: GET | Path: /api/items/2/ | Status: 200 | Duration: 42.37ms
